17:39:52.012 [main] INFO  com.daml.navigator.config.Config$ - Loading SDK config file from C:\Users\bartc\Documents\Github\DAML-Covid19\daml.yaml 
17:39:54.573 [da-ui-backend-akka.actor.default-dispatcher-4] INFO  akka.event.slf4j.Slf4jLogger - Slf4jLogger started 
17:39:54.711 [da-ui-backend-akka.actor.default-dispatcher-4] INFO  c.d.n.store.platform.PlatformStore - Connecting to localhost:6865, using a plaintext connection akkaAddress=akka://da-ui-backend, sourceThread=da-ui-backend-akka.actor.default-dispatcher-5, akkaSource=akka://da-ui-backend/user/$a, sourceActorSystem=da-ui-backend, akkaTimestamp=21:39:54.707UTC
17:39:55.651 [main] INFO  com.daml.navigator.NavigatorBackend$ - DA UI backend server listening on port 7500 
17:39:56.581 [da-ui-backend-akka.actor.default-dispatcher-5] INFO  c.d.n.store.platform.PlatformStore - Time service is not implemented akkaAddress=akka://da-ui-backend, sourceThread=scala-execution-context-global-15, akkaSource=akka://da-ui-backend/user/$a, sourceActorSystem=da-ui-backend, akkaTimestamp=21:39:56.581UTC
17:39:56.586 [da-ui-backend-akka.actor.default-dispatcher-5] INFO  c.d.n.store.platform.PlatformStore - Connected to platform at 'localhost:6865' akkaAddress=akka://da-ui-backend, sourceThread=scala-execution-context-global-18, akkaSource=akka://da-ui-backend/user/$a, sourceActorSystem=da-ui-backend, akkaTimestamp=21:39:56.586UTC
17:39:58.785 [da-ui-backend-akka.actor.default-dispatcher-8] INFO  c.d.n.s.platform.PlatformSubscriber - Successfully loaded packages [c1f1f00558799eec139fb4f4c76f95fb52fa1837a5dd29600baa1c8ed1bdccfd, 733e38d36a2759688a4b2c4cec69d48e7b55ecc8dedc8067b815926c917a182a, bfcd37bd6b84768e86e432f5f6c33e25d9e7724a9d42e33875ff74f6348e733f, 518032f41fd0175461b35ae0c9691e08b4aea55e62915f8360af2cc7a1f2ba6c, cc348d369011362a5190fe96dd1f0dfbc697fdfd10e382b9e9666f0da05961b7, ff65aa954b2720477198c267a0fa785f403d52fad5be2a9c917790033fa141dd, 9f600ff37e9b5f53fb02a2b137a6b7c059152e42c70231aba8f9e7e08cec4111, 6839a6d3d430c569b2425e9391717b44ca324b88ba621d597778811b2d05031d, 99a2705ed38c1c26cbb8fe7acf36bbf626668e167a33335de932599219e0a235, 76bf0fd12bd945762a01f8fc5bbcdfa4d0ff20f8762af490f8f41d6237c6524f, e22bce619ae24ca3b8e6519281cb5a33b64b3190cc763248b4c3f9ad5087a92c, d58cf9939847921b2aab78eaa7b427dc4c649d25e6bee3c749ace4c3f52f5c97, 6c2c0667393c5f92f1885163068cd31800d2264eb088eb6fc740e11241b2bf06, 532f849b7d757c5a08c76307acd720292992fcd3f89e96e660a9e2786624b957, d14e08374fc7197d6a0de468c968ae8ba3aadbf9315476fd39071831f5923662, 057eed1fd48c238491b8ea06b9b5bf85a5d4c9275dd3f6183e0e6b01730cc2ba, e491352788e56ca4603acc411ffe1a49fefd76ed8b163af86cf5ee5f4c38645b, 40f452260bef3f29dede136108fc08a88d5a5250310281067087da6f0baddff7, 8a7806365bbd98d88b4c13832ebfa305f6abaeaf32cfa2b7dd25c4fa489b79fb] akkaAddress=akka://da-ui-backend, sourceThread=da-ui-backend-akka.actor.default-dispatcher-10, akkaSource=akka://da-ui-backend/user/$a/party-NCHealth, sourceActorSystem=da-ui-backend, akkaTimestamp=21:39:58.782UTC
17:39:58.785 [da-ui-backend-akka.actor.default-dispatcher-8] INFO  c.d.n.s.platform.PlatformSubscriber - Successfully loaded packages [c1f1f00558799eec139fb4f4c76f95fb52fa1837a5dd29600baa1c8ed1bdccfd, 733e38d36a2759688a4b2c4cec69d48e7b55ecc8dedc8067b815926c917a182a, bfcd37bd6b84768e86e432f5f6c33e25d9e7724a9d42e33875ff74f6348e733f, 518032f41fd0175461b35ae0c9691e08b4aea55e62915f8360af2cc7a1f2ba6c, cc348d369011362a5190fe96dd1f0dfbc697fdfd10e382b9e9666f0da05961b7, ff65aa954b2720477198c267a0fa785f403d52fad5be2a9c917790033fa141dd, 9f600ff37e9b5f53fb02a2b137a6b7c059152e42c70231aba8f9e7e08cec4111, 6839a6d3d430c569b2425e9391717b44ca324b88ba621d597778811b2d05031d, 99a2705ed38c1c26cbb8fe7acf36bbf626668e167a33335de932599219e0a235, 76bf0fd12bd945762a01f8fc5bbcdfa4d0ff20f8762af490f8f41d6237c6524f, e22bce619ae24ca3b8e6519281cb5a33b64b3190cc763248b4c3f9ad5087a92c, d58cf9939847921b2aab78eaa7b427dc4c649d25e6bee3c749ace4c3f52f5c97, 6c2c0667393c5f92f1885163068cd31800d2264eb088eb6fc740e11241b2bf06, 532f849b7d757c5a08c76307acd720292992fcd3f89e96e660a9e2786624b957, d14e08374fc7197d6a0de468c968ae8ba3aadbf9315476fd39071831f5923662, 057eed1fd48c238491b8ea06b9b5bf85a5d4c9275dd3f6183e0e6b01730cc2ba, e491352788e56ca4603acc411ffe1a49fefd76ed8b163af86cf5ee5f4c38645b, 40f452260bef3f29dede136108fc08a88d5a5250310281067087da6f0baddff7, 8a7806365bbd98d88b4c13832ebfa305f6abaeaf32cfa2b7dd25c4fa489b79fb] akkaAddress=akka://da-ui-backend, sourceThread=da-ui-backend-akka.actor.default-dispatcher-6, akkaSource=akka://da-ui-backend/user/$a/party-AtriumHealth, sourceActorSystem=da-ui-backend, akkaTimestamp=21:39:58.782UTC
17:39:59.176 [da-ui-backend-akka.actor.default-dispatcher-6] INFO  c.d.n.s.platform.PlatformSubscriber - Successfully loaded packages [c1f1f00558799eec139fb4f4c76f95fb52fa1837a5dd29600baa1c8ed1bdccfd, 733e38d36a2759688a4b2c4cec69d48e7b55ecc8dedc8067b815926c917a182a, bfcd37bd6b84768e86e432f5f6c33e25d9e7724a9d42e33875ff74f6348e733f, 518032f41fd0175461b35ae0c9691e08b4aea55e62915f8360af2cc7a1f2ba6c, cc348d369011362a5190fe96dd1f0dfbc697fdfd10e382b9e9666f0da05961b7, ff65aa954b2720477198c267a0fa785f403d52fad5be2a9c917790033fa141dd, 9f600ff37e9b5f53fb02a2b137a6b7c059152e42c70231aba8f9e7e08cec4111, 6839a6d3d430c569b2425e9391717b44ca324b88ba621d597778811b2d05031d, 99a2705ed38c1c26cbb8fe7acf36bbf626668e167a33335de932599219e0a235, 76bf0fd12bd945762a01f8fc5bbcdfa4d0ff20f8762af490f8f41d6237c6524f, e22bce619ae24ca3b8e6519281cb5a33b64b3190cc763248b4c3f9ad5087a92c, d58cf9939847921b2aab78eaa7b427dc4c649d25e6bee3c749ace4c3f52f5c97, 6c2c0667393c5f92f1885163068cd31800d2264eb088eb6fc740e11241b2bf06, 532f849b7d757c5a08c76307acd720292992fcd3f89e96e660a9e2786624b957, d14e08374fc7197d6a0de468c968ae8ba3aadbf9315476fd39071831f5923662, 057eed1fd48c238491b8ea06b9b5bf85a5d4c9275dd3f6183e0e6b01730cc2ba, e491352788e56ca4603acc411ffe1a49fefd76ed8b163af86cf5ee5f4c38645b, 40f452260bef3f29dede136108fc08a88d5a5250310281067087da6f0baddff7, 8a7806365bbd98d88b4c13832ebfa305f6abaeaf32cfa2b7dd25c4fa489b79fb] akkaAddress=akka://da-ui-backend, sourceThread=da-ui-backend-akka.actor.default-dispatcher-5, akkaSource=akka://da-ui-backend/user/$a/party-Alice, sourceActorSystem=da-ui-backend, akkaTimestamp=21:39:59.176UTC
17:39:59.367 [da-ui-backend-akka.actor.default-dispatcher-5] INFO  c.d.n.s.platform.PlatformSubscriber - Successfully loaded packages [c1f1f00558799eec139fb4f4c76f95fb52fa1837a5dd29600baa1c8ed1bdccfd, 733e38d36a2759688a4b2c4cec69d48e7b55ecc8dedc8067b815926c917a182a, bfcd37bd6b84768e86e432f5f6c33e25d9e7724a9d42e33875ff74f6348e733f, 518032f41fd0175461b35ae0c9691e08b4aea55e62915f8360af2cc7a1f2ba6c, cc348d369011362a5190fe96dd1f0dfbc697fdfd10e382b9e9666f0da05961b7, ff65aa954b2720477198c267a0fa785f403d52fad5be2a9c917790033fa141dd, 9f600ff37e9b5f53fb02a2b137a6b7c059152e42c70231aba8f9e7e08cec4111, 6839a6d3d430c569b2425e9391717b44ca324b88ba621d597778811b2d05031d, 99a2705ed38c1c26cbb8fe7acf36bbf626668e167a33335de932599219e0a235, 76bf0fd12bd945762a01f8fc5bbcdfa4d0ff20f8762af490f8f41d6237c6524f, e22bce619ae24ca3b8e6519281cb5a33b64b3190cc763248b4c3f9ad5087a92c, d58cf9939847921b2aab78eaa7b427dc4c649d25e6bee3c749ace4c3f52f5c97, 6c2c0667393c5f92f1885163068cd31800d2264eb088eb6fc740e11241b2bf06, 532f849b7d757c5a08c76307acd720292992fcd3f89e96e660a9e2786624b957, d14e08374fc7197d6a0de468c968ae8ba3aadbf9315476fd39071831f5923662, 057eed1fd48c238491b8ea06b9b5bf85a5d4c9275dd3f6183e0e6b01730cc2ba, e491352788e56ca4603acc411ffe1a49fefd76ed8b163af86cf5ee5f4c38645b, 40f452260bef3f29dede136108fc08a88d5a5250310281067087da6f0baddff7, 8a7806365bbd98d88b4c13832ebfa305f6abaeaf32cfa2b7dd25c4fa489b79fb] akkaAddress=akka://da-ui-backend, sourceThread=da-ui-backend-akka.actor.default-dispatcher-4, akkaSource=akka://da-ui-backend/user/$a/party-BCBSHealth, sourceActorSystem=da-ui-backend, akkaTimestamp=21:39:59.357UTC
06:55:12.349 [da-ui-backend-akka.actor.default-dispatcher-7] INFO  c.d.n.s.platform.PlatformSubscriber - Command 'bbd256ac287515d5' completed successfully. akkaAddress=akka://da-ui-backend, sourceThread=da-ui-backend-akka.actor.default-dispatcher-9, akkaSource=akka://da-ui-backend/user/$a/party-BCBSHealth, sourceActorSystem=da-ui-backend, akkaTimestamp=10:55:12.349UTC
06:55:23.358 [da-ui-backend-akka.actor.default-dispatcher-9] INFO  com.daml.navigator.NavigatorBackend$ - Logged out user 'BCBSHealth' 
06:55:41.856 [da-ui-backend-akka.actor.default-dispatcher-10] INFO  c.d.n.s.platform.PlatformSubscriber - Command 'b045725f7642294e' completed successfully. akkaAddress=akka://da-ui-backend, sourceThread=da-ui-backend-akka.actor.default-dispatcher-8, akkaSource=akka://da-ui-backend/user/$a/party-AtriumHealth, sourceActorSystem=da-ui-backend, akkaTimestamp=10:55:41.856UTC
06:56:20.988 [da-ui-backend-akka.actor.default-dispatcher-7] INFO  com.daml.navigator.NavigatorBackend$ - Logged out user 'AtriumHealth' 
06:56:54.358 [da-ui-backend-akka.actor.default-dispatcher-10] INFO  c.d.n.s.platform.PlatformSubscriber - Command 'dede327b0166e4a6' completed successfully. akkaAddress=akka://da-ui-backend, sourceThread=da-ui-backend-akka.actor.default-dispatcher-7, akkaSource=akka://da-ui-backend/user/$a/party-BCBSHealth, sourceActorSystem=da-ui-backend, akkaTimestamp=10:56:54.357UTC
06:56:59.041 [da-ui-backend-akka.actor.default-dispatcher-7] INFO  com.daml.navigator.NavigatorBackend$ - Logged out user 'BCBSHealth' 
06:57:07.747 [da-ui-backend-akka.actor.default-dispatcher-7] INFO  c.d.n.s.platform.PlatformSubscriber - Command '2c60a0ddaffeba3d' completed successfully. akkaAddress=akka://da-ui-backend, sourceThread=da-ui-backend-akka.actor.default-dispatcher-7, akkaSource=akka://da-ui-backend/user/$a/party-Alice, sourceActorSystem=da-ui-backend, akkaTimestamp=10:57:07.745UTC
06:57:43.698 [da-ui-backend-akka.actor.default-dispatcher-11] INFO  c.d.n.s.platform.PlatformSubscriber - Command '26be28b1455c53d1' completed successfully. akkaAddress=akka://da-ui-backend, sourceThread=da-ui-backend-akka.actor.default-dispatcher-7, akkaSource=akka://da-ui-backend/user/$a/party-Alice, sourceActorSystem=da-ui-backend, akkaTimestamp=10:57:43.698UTC
06:58:00.499 [da-ui-backend-akka.actor.default-dispatcher-6] INFO  com.daml.navigator.NavigatorBackend$ - Logged out user 'Alice' 
06:58:17.152 [da-ui-backend-akka.actor.default-dispatcher-11] INFO  c.d.n.s.platform.PlatformSubscriber - Command 'ffe9961bb8232d3b' completed with status 'CommandStatusError(INVALID_ARGUMENT,Command interpretation error in LF-DAMLe: The following errors occured: node NodeId(0) (ff65aa954b2720477198c267a0fa785f403d52fad5be2a9c917790033fa141dd:Main:TestRequest) requires authorizers AtriumHealth, but only Alice were given. Details: N/A.)'. akkaAddress=akka://da-ui-backend, sourceThread=da-ui-backend-akka.actor.default-dispatcher-4, akkaSource=akka://da-ui-backend/user/$a/party-Alice, sourceActorSystem=da-ui-backend, akkaTimestamp=10:58:17.151UTC
06:58:42.849 [da-ui-backend-akka.actor.default-dispatcher-11] INFO  com.daml.navigator.NavigatorBackend$ - Logged out user 'Alice' 
07:00:12.441 [da-ui-backend-akka.actor.default-dispatcher-11] ERROR akka.actor.ActorSystemImpl - Error during processing of request: 'Can't read {
  "type": "undefined"
} as ApiValue, unknown type 'undefined''. Completing with 500 Internal Server Error response. To change default exception handling behavior, provide a custom ExceptionHandler. akkaAddress=akka://da-ui-backend, sourceThread=da-ui-backend-akka.actor.default-dispatcher-6, akkaSource=akka.actor.ActorSystemImpl(da-ui-backend), sourceActorSystem=da-ui-backend, akkaTimestamp=11:00:12.425UTC
spray.json.DeserializationException: Can't read {
  "type": "undefined"
} as ApiValue, unknown type 'undefined'
	at spray.json.package$.deserializationError(package.scala:23)
	at com.daml.navigator.json.ApiCodecVerbose$.jsValueToApiValue(ApiCodecVerbose.scala:176)
	at com.daml.navigator.json.ApiCodecVerbose$.jsValueToApiRecordField(ApiCodecVerbose.scala:137)
	at com.daml.navigator.json.ApiCodecVerbose$.$anonfun$jsValueToApiRecord$2(ApiCodecVerbose.scala:186)
	at scala.collection.immutable.List.map(List.scala:287)
	at com.daml.navigator.json.ApiCodecVerbose$.jsValueToApiRecord(ApiCodecVerbose.scala:186)
	at com.daml.navigator.json.ApiCodecVerbose$.jsValueToApiValue(ApiCodecVerbose.scala:143)
	at com.daml.navigator.json.ApiCodecVerbose$.jsValueToApiRecordField(ApiCodecVerbose.scala:137)
	at com.daml.navigator.json.ApiCodecVerbose$.$anonfun$jsValueToApiRecord$2(ApiCodecVerbose.scala:186)
	at scala.collection.immutable.List.map(List.scala:283)
	at com.daml.navigator.json.ApiCodecVerbose$.jsValueToApiRecord(ApiCodecVerbose.scala:186)
	at com.daml.navigator.json.ApiCodecVerbose$.jsValueToApiValue(ApiCodecVerbose.scala:143)
	at com.daml.navigator.json.ApiCodecVerbose$JsonImplicits$ApiValueJsonFormat$.read(ApiCodecVerbose.scala:255)
	at com.daml.navigator.json.ApiCodecVerbose$JsonImplicits$ApiValueJsonFormat$.read(ApiCodecVerbose.scala:253)
	at spray.json.JsValue.convertTo(JsValue.scala:31)
	at com.daml.navigator.graphql.JsonType$.coerceUserJsonInput(JsonType.scala:50)
	at com.daml.navigator.graphql.JsonType$.$anonfun$newScalarType$2(JsonType.scala:58)
	at sangria.execution.ValueCoercionHelper.isValidValue(ValueCoercionHelper.scala:408)
	at sangria.execution.ValueCoercionHelper.isValidValue(ValueCoercionHelper.scala:374)
	at sangria.execution.ValueCoercionHelper.getVariableValue(ValueCoercionHelper.scala:449)
	at sangria.execution.ValueCollector.$anonfun$getVariableValues$2(ValueCollector.scala:26)
	at scala.Option.map(Option.scala:146)
	at sangria.execution.ValueCollector.$anonfun$getVariableValues$1(ValueCollector.scala:26)
	at scala.collection.TraversableOnce.$anonfun$foldLeft$1(TraversableOnce.scala:157)
	at scala.collection.TraversableOnce.$anonfun$foldLeft$1$adapted(TraversableOnce.scala:157)
	at scala.collection.Iterator.foreach(Iterator.scala:944)
	at scala.collection.Iterator.foreach$(Iterator.scala:944)
	at scala.collection.AbstractIterator.foreach(Iterator.scala:1432)
	at scala.collection.IterableLike.foreach(IterableLike.scala:71)
	at scala.collection.IterableLike.foreach$(IterableLike.scala:70)
	at scala.collection.AbstractIterable.foreach(Iterable.scala:54)
	at scala.collection.TraversableOnce.foldLeft(TraversableOnce.scala:157)
	at scala.collection.TraversableOnce.foldLeft$(TraversableOnce.scala:155)
	at scala.collection.AbstractTraversable.foldLeft(Traversable.scala:104)
	at sangria.execution.ValueCollector.getVariableValues(ValueCollector.scala:23)
	at sangria.execution.Executor.$anonfun$execute$2(Executor.scala:89)
	at scala.util.Success.flatMap(Try.scala:247)
	at sangria.execution.Executor.execute(Executor.scala:88)
	at sangria.execution.Executor$.execute(Executor.scala:199)
	at com.daml.navigator.DefaultGraphQLHandler.$anonfun$executeQuery$2(GraphQLHandler.scala:76)
	at scala.Option.fold(Option.scala:158)
	at com.daml.navigator.DefaultGraphQLHandler.executeQuery(GraphQLHandler.scala:73)
	at com.daml.navigator.UIBackend.$anonfun$getRoute$36(UIBackend.scala:176)
	at akka.http.scaladsl.server.directives.RouteDirectives.$anonfun$complete$1(RouteDirectives.scala:47)
	at akka.http.scaladsl.server.StandardRoute$$anon$1.apply(StandardRoute.scala:19)
	at akka.http.scaladsl.server.StandardRoute$$anon$1.apply(StandardRoute.scala:19)
	at akka.http.scaladsl.server.directives.BasicDirectives.$anonfun$mapRouteResult$2(BasicDirectives.scala:68)
	at akka.http.scaladsl.server.directives.FutureDirectives.$anonfun$onComplete$3(FutureDirectives.scala:37)
	at akka.http.scaladsl.util.FastFuture$.$anonfun$transformWith$1(FastFuture.scala:37)
	at akka.http.scaladsl.util.FastFuture$.strictTransform$1(FastFuture.scala:41)
	at akka.http.scaladsl.util.FastFuture$.transformWith$extension1(FastFuture.scala:45)
	at akka.http.scaladsl.util.FastFuture$.transformWith$extension0(FastFuture.scala:37)
	at akka.http.scaladsl.server.directives.FutureDirectives.$anonfun$onComplete$2(FutureDirectives.scala:37)
	at akka.http.scaladsl.server.directives.BasicDirectives.$anonfun$textract$2(BasicDirectives.scala:161)
	at akka.http.scaladsl.server.directives.FutureDirectives.$anonfun$onComplete$3(FutureDirectives.scala:37)
	at akka.http.scaladsl.util.FastFuture$.$anonfun$transformWith$1(FastFuture.scala:37)
	at akka.http.scaladsl.util.FastFuture$.strictTransform$1(FastFuture.scala:41)
	at akka.http.scaladsl.util.FastFuture$.transformWith$extension1(FastFuture.scala:55)
	at akka.http.scaladsl.util.FastFuture$.transformWith$extension0(FastFuture.scala:37)
	at akka.http.scaladsl.server.directives.FutureDirectives.$anonfun$onComplete$2(FutureDirectives.scala:37)
	at akka.http.scaladsl.server.directives.BasicDirectives.$anonfun$textract$2(BasicDirectives.scala:161)
	at akka.http.scaladsl.server.directives.BasicDirectives.$anonfun$mapRouteResult$2(BasicDirectives.scala:68)
	at akka.http.scaladsl.server.directives.BasicDirectives.$anonfun$textract$2(BasicDirectives.scala:161)
	at akka.http.scaladsl.server.RouteConcatenation$RouteWithConcatenation.$anonfun$$tilde$2(RouteConcatenation.scala:47)
	at akka.http.scaladsl.util.FastFuture$.strictTransform$1(FastFuture.scala:41)
	at akka.http.scaladsl.util.FastFuture$.transformWith$extension1(FastFuture.scala:45)
	at akka.http.scaladsl.util.FastFuture$.flatMap$extension(FastFuture.scala:26)
	at akka.http.scaladsl.server.RouteConcatenation$RouteWithConcatenation.$anonfun$$tilde$1(RouteConcatenation.scala:44)
	at akka.http.scaladsl.server.directives.BasicDirectives.$anonfun$mapRequestContext$2(BasicDirectives.scala:45)
	at akka.http.scaladsl.server.directives.BasicDirectives.$anonfun$textract$2(BasicDirectives.scala:161)
	at akka.http.scaladsl.server.RouteConcatenation$RouteWithConcatenation.$anonfun$$tilde$2(RouteConcatenation.scala:47)
	at akka.http.scaladsl.util.FastFuture$.strictTransform$1(FastFuture.scala:41)
	at akka.http.scaladsl.util.FastFuture$.transformWith$extension1(FastFuture.scala:45)
	at akka.http.scaladsl.util.FastFuture$.flatMap$extension(FastFuture.scala:26)
	at akka.http.scaladsl.server.RouteConcatenation$RouteWithConcatenation.$anonfun$$tilde$1(RouteConcatenation.scala:44)
	at akka.http.scaladsl.server.directives.BasicDirectives.$anonfun$mapRequestContext$2(BasicDirectives.scala:45)
	at akka.http.scaladsl.server.directives.BasicDirectives.$anonfun$textract$2(BasicDirectives.scala:161)
	at akka.http.scaladsl.server.RouteConcatenation$RouteWithConcatenation.$anonfun$$tilde$2(RouteConcatenation.scala:47)
	at akka.http.scaladsl.util.FastFuture$.strictTransform$1(FastFuture.scala:41)
	at akka.http.scaladsl.util.FastFuture$.transformWith$extension1(FastFuture.scala:45)
	at akka.http.scaladsl.util.FastFuture$.flatMap$extension(FastFuture.scala:26)
	at akka.http.scaladsl.server.RouteConcatenation$RouteWithConcatenation.$anonfun$$tilde$1(RouteConcatenation.scala:44)
	at akka.http.scaladsl.server.RouteConcatenation$RouteWithConcatenation.$anonfun$$tilde$1(RouteConcatenation.scala:44)
	at akka.http.scaladsl.server.Directive.$anonfun$recover$4(Directive.scala:110)
	at akka.http.scaladsl.server.directives.BasicDirectives.$anonfun$textract$2(BasicDirectives.scala:161)
	at akka.http.scaladsl.server.Directive.$anonfun$recover$2(Directive.scala:110)
	at akka.http.scaladsl.server.directives.BasicDirectives.$anonfun$mapRouteResultWith$2(BasicDirectives.scala:74)
	at akka.http.scaladsl.server.directives.BasicDirectives.$anonfun$textract$2(BasicDirectives.scala:161)
	at akka.http.scaladsl.server.directives.ExecutionDirectives.$anonfun$handleExceptions$2(ExecutionDirectives.scala:32)
	at akka.http.scaladsl.server.directives.BasicDirectives.$anonfun$textract$2(BasicDirectives.scala:161)
	at akka.http.scaladsl.server.Route$.$anonfun$asyncHandler$1(Route.scala:86)
	at akka.stream.impl.fusing.MapAsyncUnordered$$anon$31.onPush(Ops.scala:1375)
	at akka.stream.impl.fusing.GraphInterpreter.processPush(GraphInterpreter.scala:541)
	at akka.stream.impl.fusing.GraphInterpreter.execute(GraphInterpreter.scala:423)
	at akka.stream.impl.fusing.GraphInterpreterShell.runBatch(ActorGraphInterpreter.scala:624)
	at akka.stream.impl.fusing.GraphInterpreterShell$AsyncInput.execute(ActorGraphInterpreter.scala:501)
	at akka.stream.impl.fusing.GraphInterpreterShell.processEvent(ActorGraphInterpreter.scala:599)
	at akka.stream.impl.fusing.ActorGraphInterpreter.akka$stream$impl$fusing$ActorGraphInterpreter$$processEvent(ActorGraphInterpreter.scala:768)
	at akka.stream.impl.fusing.ActorGraphInterpreter$$anonfun$receive$1.applyOrElse(ActorGraphInterpreter.scala:783)
	at akka.actor.Actor.aroundReceive(Actor.scala:533)
	at akka.actor.Actor.aroundReceive$(Actor.scala:531)
	at akka.stream.impl.fusing.ActorGraphInterpreter.aroundReceive(ActorGraphInterpreter.scala:690)
	at akka.actor.ActorCell.receiveMessage(ActorCell.scala:573)
	at akka.actor.ActorCell.invoke(ActorCell.scala:543)
	at akka.dispatch.Mailbox.processMailbox(Mailbox.scala:269)
	at akka.dispatch.Mailbox.run(Mailbox.scala:230)
	at akka.dispatch.Mailbox.exec(Mailbox.scala:242)
	at java.base/java.util.concurrent.ForkJoinTask.doExec(ForkJoinTask.java:290)
	at java.base/java.util.concurrent.ForkJoinPool$WorkQueue.topLevelExec(ForkJoinPool.java:1016)
	at java.base/java.util.concurrent.ForkJoinPool.scan(ForkJoinPool.java:1665)
	at java.base/java.util.concurrent.ForkJoinPool.runWorker(ForkJoinPool.java:1598)
	at java.base/java.util.concurrent.ForkJoinWorkerThread.run(ForkJoinWorkerThread.java:177)
