13:33:37.640 [sandbox-akka.actor.default-dispatcher-4] INFO  akka.event.slf4j.Slf4jLogger - Slf4jLogger started 
13:33:52.704 [pool-1-thread-4] INFO  c.d.p.apiserver.LedgerApiServer - Listening on localhost:6865 over plain text. 
13:33:52.734 [pool-1-thread-2] INFO  com.daml.platform.sandboxnext.Runner - Initialized sandbox version 1.0.0 with ledger-id = a01c9086-4822-4672-bb09-b949f129ec7e, port = 6865, dar file = List(.daml\dist\covid-19-0.0.1.dar), time mode = wall-clock time, ledger = in-memory, auth-service = AuthServiceWildcard$, contract ids seeding = strong 
13:39:55.890 [sandbox-akka.actor.default-dispatcher-4] INFO  akka.event.slf4j.Slf4jLogger - Slf4jLogger started 
13:40:07.868 [pool-1-thread-4] INFO  c.d.p.apiserver.LedgerApiServer - Listening on localhost:6865 over plain text. 
13:40:07.894 [pool-1-thread-1] INFO  com.daml.platform.sandboxnext.Runner - Initialized sandbox version 1.0.0 with ledger-id = 4d39b97d-f46b-496b-aebd-21fa49b6d6c0, port = 6865, dar file = List(.daml\dist\covid-19-0.0.1.dar), time mode = wall-clock time, ledger = in-memory, auth-service = AuthServiceWildcard$, contract ids seeding = strong 
13:45:09.024 [sandbox-akka.actor.default-dispatcher-4] INFO  akka.event.slf4j.Slf4jLogger - Slf4jLogger started 
13:45:23.867 [pool-1-thread-3] INFO  c.d.p.apiserver.LedgerApiServer - Listening on localhost:6865 over plain text. 
13:45:23.897 [pool-1-thread-4] INFO  com.daml.platform.sandboxnext.Runner - Initialized sandbox version 1.0.1 with ledger-id = d598d3b0-b4d1-4be6-85b1-9493d9e4ba12, port = 6865, dar file = List(.daml\dist\covid-19-0.0.1.dar), time mode = wall-clock time, ledger = in-memory, auth-service = AuthServiceWildcard$, contract ids seeding = strong 
13:47:58.746 [sandbox-akka.actor.default-dispatcher-4] INFO  akka.event.slf4j.Slf4jLogger - Slf4jLogger started 
13:48:11.752 [pool-1-thread-3] INFO  c.d.p.apiserver.LedgerApiServer - Listening on localhost:6865 over plain text. 
13:48:11.781 [pool-1-thread-4] INFO  com.daml.platform.sandboxnext.Runner - Initialized sandbox version 1.0.1 with ledger-id = 7cd803e8-56ac-4e65-bb18-9c50ec045f92, port = 6865, dar file = List(.daml\dist\covid-19-0.0.1.dar), time mode = wall-clock time, ledger = in-memory, auth-service = AuthServiceWildcard$, contract ids seeding = strong 
17:32:38.320 [sandbox-akka.actor.default-dispatcher-4] INFO  akka.event.slf4j.Slf4jLogger - Slf4jLogger started 
17:32:43.913 [pool-1-thread-1] INFO  c.d.p.apiserver.LedgerApiServer - Listening on localhost:6865 over plain text. 
17:32:43.926 [pool-1-thread-2] INFO  com.daml.platform.sandboxnext.Runner - Initialized sandbox version 1.0.1 with ledger-id = babc7ffa-29eb-49e6-a3e9-401137f410af, port = 6865, dar file = List(.daml\dist\covid-19-0.0.1.dar), time mode = wall-clock time, ledger = in-memory, auth-service = AuthServiceWildcard$, contract ids seeding = strong 
17:34:10.180 [sandbox-akka.actor.default-dispatcher-4] INFO  akka.event.slf4j.Slf4jLogger - Slf4jLogger started 
17:34:15.330 [pool-1-thread-1] INFO  c.d.p.apiserver.LedgerApiServer - Listening on localhost:6865 over plain text. 
17:34:15.341 [pool-1-thread-2] INFO  com.daml.platform.sandboxnext.Runner - Initialized sandbox version 1.0.1 with ledger-id = ba3d97f7-d507-4c1b-91a3-269a9ec6307f, port = 6865, dar file = List(.daml\dist\covid-19-0.0.1.dar), time mode = wall-clock time, ledger = in-memory, auth-service = AuthServiceWildcard$, contract ids seeding = strong 
17:35:12.845 [sandbox-akka.actor.default-dispatcher-4] INFO  akka.event.slf4j.Slf4jLogger - Slf4jLogger started 
17:35:18.418 [pool-1-thread-2] INFO  c.d.p.apiserver.LedgerApiServer - Listening on localhost:6865 over plain text. 
17:35:18.433 [pool-1-thread-3] INFO  com.daml.platform.sandboxnext.Runner - Initialized sandbox version 1.0.1 with ledger-id = 60e32a06-d82d-49f1-8228-bba1e591fdc7, port = 6865, dar file = List(.daml\dist\covid-19-0.0.1.dar), time mode = wall-clock time, ledger = in-memory, auth-service = AuthServiceWildcard$, contract ids seeding = strong 
17:37:17.055 [sandbox-akka.actor.default-dispatcher-4] INFO  akka.event.slf4j.Slf4jLogger - Slf4jLogger started 
17:37:21.997 [pool-1-thread-4] INFO  c.d.p.apiserver.LedgerApiServer - Listening on localhost:6865 over plain text. 
17:37:22.010 [pool-1-thread-1] INFO  com.daml.platform.sandboxnext.Runner - Initialized sandbox version 1.0.1 with ledger-id = covid19-sandbox, port = 6865, dar file = List(.daml\dist\covid-19-0.0.1.dar), time mode = wall-clock time, ledger = in-memory, auth-service = AuthServiceWildcard$, contract ids seeding = strong 
17:38:54.554 [sandbox-akka.actor.default-dispatcher-4] INFO  akka.event.slf4j.Slf4jLogger - Slf4jLogger started 
17:38:59.312 [pool-1-thread-4] INFO  c.d.p.apiserver.LedgerApiServer - Listening on localhost:6865 over plain text. 
17:38:59.323 [pool-1-thread-1] INFO  com.daml.platform.sandboxnext.Runner - Initialized sandbox version 1.0.1 with ledger-id = covid19-sandbox, port = 6865, dar file = List(.daml\dist\covid-19-0.0.1.dar), time mode = wall-clock time, ledger = in-memory, auth-service = AuthServiceWildcard$, contract ids seeding = strong 
17:39:44.185 [sandbox-akka.actor.default-dispatcher-4] INFO  akka.event.slf4j.Slf4jLogger - Slf4jLogger started 
17:39:51.049 [pool-1-thread-2] INFO  c.d.p.apiserver.LedgerApiServer - Listening on localhost:6865 over plain text. 
17:39:51.065 [pool-1-thread-3] INFO  com.daml.platform.sandboxnext.Runner - Initialized sandbox version 1.0.1 with ledger-id = covid19-sandbox, port = 6865, dar file = List(.daml\dist\covid-19-0.0.1.dar), time mode = wall-clock time, ledger = in-memory, auth-service = AuthServiceWildcard$, contract ids seeding = strong 
