yarn run v1.22.4
$ run-p server frontend
$ node server.js --exec nodemon
$ react-scripts start
============= 

https://1bbb031a5d01.ngrok.io

 =========
models - add key :webhookId
models - add value :6335
Listening on port 3002
[34mi[39m [90m｢wds｣[39m: Project is running at http://192.168.137.1/
[34mi[39m [90m｢wds｣[39m: webpack output is served from 
[34mi[39m [90m｢wds｣[39m: Content not from webpack is served from C:\Users\bartc\Documents\Github\DAML-Covid19\ui-js\public
[34mi[39m [90m｢wds｣[39m: 404s will fallback to /
Starting the development server...

Compiled with warnings.

./src/actions.js
  Line 12:7:  'conductTest' is assigned a value but never used  no-unused-vars

./src/pages/covid19test/Covid19test_alt.js
  Line 18:9:  'ledger' is assigned a value but never used  no-unused-vars

./src/pages/streetcred/Streetcred_connection.js
  Line 37:15:  'card' is assigned a value but never used                                                                  no-unused-vars
  Line 43:25:  img elements must have an alt prop, either with meaningful text, or an empty string for decorative images  jsx-a11y/alt-text

./src/index.js
  Line 3:10:  'createStore' is defined but never used      no-unused-vars
  Line 3:23:  'combineReducers' is defined but never used  no-unused-vars
  Line 4:10:  'Provider' is defined but never used         no-unused-vars
  Line 4:20:  'connect' is defined but never used          no-unused-vars

./src/pages/default/Default.js
  Line 3:8:   'Contracts' is defined but never used       no-unused-vars
  Line 4:10:  'useStreamQuery' is defined but never used  no-unused-vars

./src/pages/citizeninvite/Citizenalias.js
  Line 4:10:  'Main' is defined but never used                             no-unused-vars
  Line 42:9:  'handleConductModalOpen' is assigned a value but never used  no-unused-vars

./src/pages/citizeninvite/Citizeninvite.js
  Line 51:17:  'setConductAlias' is assigned a value but never used     no-unused-vars
  Line 55:33:  'setConductVC' is assigned a value but never used        no-unused-vars
  Line 72:9:   'handleOptionChange' is assigned a value but never used  no-unused-vars

./src/pages/streetcred/Streetcred_submission.js
  Line 54:25:  img elements must have an alt prop, either with meaningful text, or an empty string for decorative images  jsx-a11y/alt-text

./src/pages/updatecitizendetails/Updatecitizendetails.js
  Line 59:9:  'handleOptionChange' is assigned a value but never used  no-unused-vars

./src/pages/finalform/Start_alt.js
  Line 5:15:  'Field' is defined but never used  no-unused-vars

./src/pages/testlist/Testlist.js
  Line 5:8:    'DialogContentText' is defined but never used  no-unused-vars
  Line 13:26:  'useParty' is defined but never used           no-unused-vars

./src/pages/covid19test/Covid19test.js
  Line 5:8:  'DialogContentText' is defined but never used  no-unused-vars

./src/pages/streetcred/Streetcred.js
  Line 64:25:  img elements must have an alt prop, either with meaningful text, or an empty string for decorative images  jsx-a11y/alt-text

./src/pages/network/Network.js
  Line 69:9:  'exerciseInviteStateHealth' is assigned a value but never used       no-unused-vars
  Line 76:9:  'exerciseInviteInsuranceCompany' is assigned a value but never used  no-unused-vars

./src/components/App.js
  Line 8:23:  'combineReducers' is defined but never used  no-unused-vars
  Line 9:20:  'connect' is defined but never used          no-unused-vars

Search for the keywords to learn more about each warning.
To ignore, add // eslint-disable-next-line to the line before.

